<?xml version="1.0" encoding="UTF-8"?>
<!-- Generated by org.testng.reporters.JUnitXMLReporter -->
<testsuite hostname="monika-latitude-e6430" name="Command line test" tests="2" failures="0" timestamp="17 May 2020 11:59:18 GMT" time="0.026" errors="0">
  <testcase name="@BeforeMethod setUp" time="0.0" classname="scriptTest.LoginPageTest">
    <failure type="org.testng.TestNGException" message="
Parameter &amp;apos;browser&amp;apos; is required by @Configuration on method setUp but has not been marked @Optional or defined
">
      <![CDATA[org.testng.TestNGException: 
Parameter 'browser' is required by @Configuration on method setUp but has not been marked @Optional or defined

... Removed 32 stack frames]]>
    </failure>
  </testcase> <!-- @BeforeMethod setUp -->
  <testcase name="@AfterMethod tearDown" time="0.0" classname="scriptTest.LoginPageTest">
    <skipped/>
  </testcase> <!-- @AfterMethod tearDown -->
  <testcase name="@BeforeMethod setUp" time="0.0" classname="scriptTest.LoginPageTest">
    <skipped/>
  </testcase> <!-- @BeforeMethod setUp -->
  <testcase name="@AfterMethod tearDown" time="0.0" classname="scriptTest.LoginPageTest">
    <skipped/>
  </testcase> <!-- @AfterMethod tearDown -->
  <testcase name="validLogin" time="0.006" classname="scriptTest.LoginPageTest">
    <skipped/>
  </testcase> <!-- validLogin -->
  <testcase name="ivalidLogin" time="0.0" classname="scriptTest.LoginPageTest">
    <skipped/>
  </testcase> <!-- ivalidLogin -->
</testsuite> <!-- Command line test -->
